Thu Jun 03 2021 11:34:33 GMT+0530 (India Standard Time) - Cannot read property 'setupUserCollections' of undefined
Thu Jun 03 2021 12:13:50 GMT+0530 (India Standard Time) - E11000 duplicate key error collection: bookBufferDb.user index: userName_1 dup key: { userName: "kir44" }
Thu Jun 03 2021 12:14:44 GMT+0530 (India Standard Time) - E11000 duplicate key error collection: bookBufferDb.user index: userName_1 dup key: { userName: "kir44" }
Sat Jun 05 2021 16:22:51 GMT+0530 (India Standard Time) - Cannot set headers after they are sent to the client
Sat Jun 05 2021 16:44:53 GMT+0530 (India Standard Time) - Cannot read property 'then' of undefined
Sat Jun 05 2021 17:54:43 GMT+0530 (India Standard Time) - Cannot read property 'then' of undefined
Sat Jun 05 2021 20:06:19 GMT+0530 (India Standard Time) - No donors for this book
Sat Jun 05 2021 20:08:03 GMT+0530 (India Standard Time) - No donors for this book
Sat Jun 05 2021 20:08:45 GMT+0530 (India Standard Time) - No donors for this book
Sat Jun 05 2021 20:09:40 GMT+0530 (India Standard Time) - No donors for this book
Sat Jun 05 2021 20:09:55 GMT+0530 (India Standard Time) - No donors for this book
Sat Jun 05 2021 20:10:37 GMT+0530 (India Standard Time) - No donors for this book
Sat Jun 05 2021 20:11:09 GMT+0530 (India Standard Time) - No donors for this book
Sat Jun 05 2021 20:12:16 GMT+0530 (India Standard Time) - Cannot read property 'then' of undefined
Sat Jun 05 2021 20:23:52 GMT+0530 (India Standard Time) - address is not defined
Sat Jun 05 2021 20:24:12 GMT+0530 (India Standard Time) - address is not defined
Sun Jun 06 2021 15:16:17 GMT+0530 (India Standard Time) - User Not Found
Sun Jun 06 2021 15:19:18 GMT+0530 (India Standard Time) - User Not Found
Sun Jun 06 2021 15:19:19 GMT+0530 (India Standard Time) - User Not Found
Sun Jun 06 2021 15:19:33 GMT+0530 (India Standard Time) - User Not Found
Sun Jun 06 2021 15:20:24 GMT+0530 (India Standard Time) - User Not Found
Sun Jun 06 2021 15:23:18 GMT+0530 (India Standard Time) - User Not Found
Sun Jun 06 2021 15:23:35 GMT+0530 (India Standard Time) - User Not Found
Sun Jun 06 2021 15:26:49 GMT+0530 (India Standard Time) - User Not Found
Sun Jun 06 2021 15:26:51 GMT+0530 (India Standard Time) - User Not Found
Sun Jun 06 2021 15:26:51 GMT+0530 (India Standard Time) - User Not Found
Sun Jun 06 2021 15:26:52 GMT+0530 (India Standard Time) - User Not Found
Sun Jun 06 2021 15:26:52 GMT+0530 (India Standard Time) - User Not Found
Sun Jun 06 2021 15:26:53 GMT+0530 (India Standard Time) - User Not Found
Sun Jun 06 2021 15:26:55 GMT+0530 (India Standard Time) - User Not Found
Sun Jun 06 2021 15:27:13 GMT+0530 (India Standard Time) - User Not Found
Sun Jun 06 2021 15:27:26 GMT+0530 (India Standard Time) - User Not Found
Sun Jun 06 2021 15:27:32 GMT+0530 (India Standard Time) - User Not Found
Sun Jun 06 2021 15:27:33 GMT+0530 (India Standard Time) - User Not Found
Sun Jun 06 2021 15:27:34 GMT+0530 (India Standard Time) - User Not Found
Sun Jun 06 2021 15:27:34 GMT+0530 (India Standard Time) - User Not Found
Sun Jun 06 2021 15:27:35 GMT+0530 (India Standard Time) - User Not Found
Sun Jun 06 2021 15:27:35 GMT+0530 (India Standard Time) - User Not Found
Sun Jun 06 2021 15:27:36 GMT+0530 (India Standard Time) - User Not Found
Sun Jun 06 2021 15:27:36 GMT+0530 (India Standard Time) - User Not Found
Sun Jun 06 2021 15:27:36 GMT+0530 (India Standard Time) - User Not Found
Sun Jun 06 2021 15:27:36 GMT+0530 (India Standard Time) - User Not Found
Sun Jun 06 2021 15:27:36 GMT+0530 (India Standard Time) - User Not Found
Sun Jun 06 2021 15:27:37 GMT+0530 (India Standard Time) - User Not Found
Sun Jun 06 2021 15:27:37 GMT+0530 (India Standard Time) - User Not Found
Sun Jun 06 2021 15:27:38 GMT+0530 (India Standard Time) - User Not Found
Sun Jun 06 2021 15:27:41 GMT+0530 (India Standard Time) - User Not Found
Sun Jun 06 2021 15:27:49 GMT+0530 (India Standard Time) - User Not Found
Tue Jun 08 2021 19:18:05 GMT+0530 (India Standard Time) - bookName is not defined
Tue Jun 08 2021 19:26:29 GMT+0530 (India Standard Time) - Cannot set headers after they are sent to the client
Tue Jun 08 2021 19:28:11 GMT+0530 (India Standard Time) - Cannot set headers after they are sent to the client
Tue Jun 08 2021 19:28:47 GMT+0530 (India Standard Time) - Cannot set headers after they are sent to the client
Tue Jun 08 2021 19:32:05 GMT+0530 (India Standard Time) - Cannot set headers after they are sent to the client
Tue Jun 08 2021 19:34:09 GMT+0530 (India Standard Time) - Cannot set headers after they are sent to the client
Tue Jun 08 2021 22:25:00 GMT+0530 (India Standard Time) - __v is not defined
Tue Jun 08 2021 22:25:34 GMT+0530 (India Standard Time) - __v is not defined
Tue Jun 08 2021 22:28:12 GMT+0530 (India Standard Time) - foundusers is not iterable
Tue Jun 08 2021 22:28:44 GMT+0530 (India Standard Time) - foundusers is not iterable
Tue Jun 08 2021 22:29:26 GMT+0530 (India Standard Time) - foundusers is not iterable
Tue Jun 08 2021 22:29:55 GMT+0530 (India Standard Time) - Cannot set headers after they are sent to the client
Fri Jun 11 2021 17:02:04 GMT+0530 (India Standard Time) - userdata is not defined
Fri Jun 11 2021 19:34:28 GMT+0530 (India Standard Time) - addressOnj is not defined
Fri Jun 11 2021 19:38:58 GMT+0530 (India Standard Time) - couldn't add books to specified user
Fri Jun 11 2021 20:04:30 GMT+0530 (India Standard Time) - ff is not defined
Sat Jun 12 2021 16:47:13 GMT+0530 (India Standard Time) - couldn't add books to specified user
Sat Jun 12 2021 16:55:35 GMT+0530 (India Standard Time) - couldn't add books to specified user
Sat Jun 12 2021 16:57:11 GMT+0530 (India Standard Time) - couldn't add books to specified user
Sat Jun 12 2021 17:04:24 GMT+0530 (India Standard Time) - User Not Found
Sun Jun 13 2021 14:00:17 GMT+0530 (India Standard Time) - couldn't add books to specified user
Sun Jun 13 2021 15:58:47 GMT+0530 (India Standard Time) - ENOENT: no such file or directory, open 'E:\Programming\node and express\bookBuffer\uploads\2021-06-13T10:28:47.571Zistockphoto-1185441487-612x612.jpg'
Sun Jun 13 2021 15:59:07 GMT+0530 (India Standard Time) - ENOENT: no such file or directory, open 'E:\Programming\node and express\bookBuffer\uploads\2021-06-13T10:29:07.680Zistockphoto-1185441487-612x612.jpg'
Sun Jun 13 2021 15:59:30 GMT+0530 (India Standard Time) - ENOENT: no such file or directory, open 'E:\Programming\node and express\bookBuffer\uploads\2021-06-13T10:29:30.778Zistockphoto-1185441487-612x612.jpg'
Sun Jun 13 2021 16:03:57 GMT+0530 (India Standard Time) - ENOENT: no such file or directory, open 'E:\Programming\node and express\bookBuffer\uploads\2021-06-13T10:33:57.045Zistockphoto-1185441487-612x612.jpg'
Sun Jun 13 2021 16:06:13 GMT+0530 (India Standard Time) - Cannot read property 'path' of undefined
Sun Jun 13 2021 16:06:24 GMT+0530 (India Standard Time) - Cannot read property 'path' of undefined
Sun Jun 13 2021 16:06:46 GMT+0530 (India Standard Time) - Cannot read property 'path' of undefined
Sun Jun 13 2021 16:21:23 GMT+0530 (India Standard Time) - Cannot read property 'path' of undefined
Sun Jun 13 2021 16:21:35 GMT+0530 (India Standard Time) - Couldn't change image
Sun Jun 13 2021 16:23:46 GMT+0530 (India Standard Time) - Couldn't change image
Sun Jun 13 2021 16:24:38 GMT+0530 (India Standard Time) - Couldn't change image
Sun Jun 13 2021 16:25:36 GMT+0530 (India Standard Time) - Couldn't change image
Sun Jun 13 2021 16:26:08 GMT+0530 (India Standard Time) - Couldn't change image
Sun Jun 13 2021 16:27:03 GMT+0530 (India Standard Time) - Couldn't change image
Sun Jun 13 2021 16:27:37 GMT+0530 (India Standard Time) - Couldn't change image
Sun Jun 13 2021 16:28:02 GMT+0530 (India Standard Time) - Couldn't change image
Sun Jun 13 2021 16:30:23 GMT+0530 (India Standard Time) - imgPath is not defined
Sun Jun 13 2021 16:30:49 GMT+0530 (India Standard Time) - Couldn't change image
Sun Jun 13 2021 16:31:07 GMT+0530 (India Standard Time) - Couldn't change image
Sun Jun 13 2021 17:12:08 GMT+0530 (India Standard Time) - User Not Found
Sun Jun 13 2021 20:42:09 GMT+0530 (India Standard Time) - Unexpected string in JSON at position 96
Sun Jun 13 2021 20:42:40 GMT+0530 (India Standard Time) - Unexpected string in JSON at position 96
Sun Jun 13 2021 20:43:09 GMT+0530 (India Standard Time) - Unexpected string in JSON at position 96
Sun Jun 13 2021 20:43:38 GMT+0530 (India Standard Time) - Unexpected string in JSON at position 96
Sun Jun 13 2021 20:57:25 GMT+0530 (India Standard Time) - Couldn't change image
Sun Jun 13 2021 20:58:00 GMT+0530 (India Standard Time) - Couldn't change image
Sun Jun 13 2021 20:58:55 GMT+0530 (India Standard Time) - Couldn't change settings
Sun Jun 13 2021 21:09:11 GMT+0530 (India Standard Time) - User Not Found
Sun Jun 13 2021 21:10:00 GMT+0530 (India Standard Time) - User Not Found
Sun Jun 13 2021 21:10:25 GMT+0530 (India Standard Time) - User Not Found
Sun Jun 13 2021 21:12:17 GMT+0530 (India Standard Time) - User Not Found
Sun Jun 13 2021 21:14:57 GMT+0530 (India Standard Time) - User Not Found
Sun Jun 13 2021 21:42:57 GMT+0530 (India Standard Time) - User Not Found
Sun Jun 13 2021 21:51:33 GMT+0530 (India Standard Time) - User Not Found
Sun Jun 13 2021 21:54:14 GMT+0530 (India Standard Time) - User Not Found
Sun Jun 13 2021 21:55:00 GMT+0530 (India Standard Time) - User Not Found
Sun Jun 13 2021 21:55:51 GMT+0530 (India Standard Time) - User Not Found
Sun Jun 13 2021 21:57:03 GMT+0530 (India Standard Time) - User Not Found
Mon Jun 14 2021 19:36:12 GMT+0530 (India Standard Time) - Invalid login: 535 Incorrect authentication data
Mon Jun 14 2021 19:37:10 GMT+0530 (India Standard Time) - Invalid login: 535 Authentication Credentials Invalid
Mon Jun 14 2021 19:48:32 GMT+0530 (India Standard Time) - Message failed: 554 Message rejected: Email address is not verified. The following identities failed the check in region US-EAST-2: 'karanamchaitanyapramod@gmail.com
Mon Jun 14 2021 20:06:23 GMT+0530 (India Standard Time) - Unexpected string in JSON at position 29
Mon Jun 14 2021 20:21:38 GMT+0530 (India Standard Time) - ENOENT: no such file or directory, open 'E:\Programming\node and express\bookBuffer\uploads\kc icon.jpg'
Tue Jun 15 2021 10:45:38 GMT+0530 (India Standard Time) - User Not Found
Tue Jun 15 2021 11:02:41 GMT+0530 (India Standard Time) - User Not Found
Tue Jun 15 2021 11:02:44 GMT+0530 (India Standard Time) - User Not Found
Tue Jun 15 2021 16:17:01 GMT+0530 (India Standard Time) - User Not Found
Tue Jun 15 2021 16:19:09 GMT+0530 (India Standard Time) - User Not Found
Tue Jun 15 2021 16:26:27 GMT+0530 (India Standard Time) - User Not Found
Tue Jun 15 2021 16:27:06 GMT+0530 (India Standard Time) - User Not Found
Tue Jun 15 2021 16:28:15 GMT+0530 (India Standard Time) - User Not Found
Tue Jun 15 2021 16:28:38 GMT+0530 (India Standard Time) - User Not Found
Tue Jun 15 2021 16:31:01 GMT+0530 (India Standard Time) - User Not Found
Tue Jun 15 2021 16:31:19 GMT+0530 (India Standard Time) - User Not Found
Tue Jun 15 2021 16:31:21 GMT+0530 (India Standard Time) - User Not Found
Tue Jun 15 2021 16:38:28 GMT+0530 (India Standard Time) - User Not Found
Tue Jun 15 2021 16:38:48 GMT+0530 (India Standard Time) - User Not Found
Tue Jun 15 2021 16:44:40 GMT+0530 (India Standard Time) - User Not Found
Tue Jun 15 2021 16:44:42 GMT+0530 (India Standard Time) - User Not Found
Tue Jun 15 2021 16:44:50 GMT+0530 (India Standard Time) - User Not Found
Tue Jun 15 2021 16:44:53 GMT+0530 (India Standard Time) - User Not Found
Tue Jun 15 2021 16:44:56 GMT+0530 (India Standard Time) - User Not Found
Tue Jun 15 2021 16:45:07 GMT+0530 (India Standard Time) - User Not Found
Tue Jun 15 2021 16:45:54 GMT+0530 (India Standard Time) - User Not Found
Tue Jun 15 2021 16:46:09 GMT+0530 (India Standard Time) - User Not Found
Tue Jun 15 2021 16:46:11 GMT+0530 (India Standard Time) - User Not Found
Tue Jun 15 2021 16:46:15 GMT+0530 (India Standard Time) - User Not Found
Tue Jun 15 2021 16:48:50 GMT+0530 (India Standard Time) - User Not Found
Tue Jun 15 2021 16:53:16 GMT+0530 (India Standard Time) - User Not Found
Tue Jun 15 2021 16:53:18 GMT+0530 (India Standard Time) - User Not Found
Tue Jun 15 2021 16:53:19 GMT+0530 (India Standard Time) - User Not Found
Tue Jun 15 2021 16:53:21 GMT+0530 (India Standard Time) - User Not Found
Tue Jun 15 2021 16:53:23 GMT+0530 (India Standard Time) - User Not Found
Tue Jun 15 2021 16:53:59 GMT+0530 (India Standard Time) - User Not Found
Tue Jun 15 2021 16:58:54 GMT+0530 (India Standard Time) - User Not Found
Tue Jun 15 2021 16:58:58 GMT+0530 (India Standard Time) - User Not Found
Tue Jun 15 2021 17:00:10 GMT+0530 (India Standard Time) - User Not Found
Tue Jun 15 2021 17:00:11 GMT+0530 (India Standard Time) - User Not Found
Tue Jun 15 2021 17:01:26 GMT+0530 (India Standard Time) - User Not Found
Tue Jun 15 2021 17:01:29 GMT+0530 (India Standard Time) - User Not Found
Tue Jun 15 2021 17:01:32 GMT+0530 (India Standard Time) - User Not Found
Tue Jun 15 2021 17:01:33 GMT+0530 (India Standard Time) - User Not Found
Tue Jun 15 2021 17:01:42 GMT+0530 (India Standard Time) - User Not Found
Tue Jun 15 2021 17:02:12 GMT+0530 (India Standard Time) - User Not Found
Tue Jun 15 2021 17:02:14 GMT+0530 (India Standard Time) - User Not Found
Tue Jun 15 2021 17:02:21 GMT+0530 (India Standard Time) - User Not Found
Tue Jun 15 2021 17:08:13 GMT+0530 (India Standard Time) - User Not Found
Wed Jun 16 2021 20:32:17 GMT+0530 (India Standard Time) - User Not Found
Wed Jun 16 2021 20:32:20 GMT+0530 (India Standard Time) - User Not Found
Wed Jun 16 2021 20:33:36 GMT+0530 (India Standard Time) - User Not Found
Wed Jun 16 2021 20:33:38 GMT+0530 (India Standard Time) - User Not Found
Wed Jun 16 2021 20:33:45 GMT+0530 (India Standard Time) - User Not Found
Wed Jun 16 2021 20:33:56 GMT+0530 (India Standard Time) - User Not Found
Wed Jun 16 2021 20:34:00 GMT+0530 (India Standard Time) - User Not Found
Wed Jun 16 2021 20:34:06 GMT+0530 (India Standard Time) - User Not Found
Wed Jun 16 2021 20:37:46 GMT+0530 (India Standard Time) - User Not Found
Wed Jun 16 2021 20:37:50 GMT+0530 (India Standard Time) - User Not Found
Wed Jun 16 2021 20:38:14 GMT+0530 (India Standard Time) - User Not Found
Wed Jun 16 2021 20:38:16 GMT+0530 (India Standard Time) - User Not Found
Wed Jun 16 2021 20:38:20 GMT+0530 (India Standard Time) - User Not Found
Wed Jun 16 2021 20:38:26 GMT+0530 (India Standard Time) - User Not Found
Wed Jun 16 2021 20:38:29 GMT+0530 (India Standard Time) - User Not Found
Wed Jun 16 2021 20:38:33 GMT+0530 (India Standard Time) - User Not Found
Wed Jun 16 2021 22:28:40 GMT+0530 (India Standard Time) - Cannot read property 'geometry' of undefined
Thu Jun 17 2021 12:30:21 GMT+0530 (India Standard Time) - User Not Found
Thu Jun 17 2021 12:30:37 GMT+0530 (India Standard Time) - User Not Found
Thu Jun 17 2021 12:30:55 GMT+0530 (India Standard Time) - User Not Found
Thu Jun 17 2021 12:31:10 GMT+0530 (India Standard Time) - User Not Found
Thu Jun 17 2021 12:31:19 GMT+0530 (India Standard Time) - User Not Found
Thu Jun 17 2021 12:31:22 GMT+0530 (India Standard Time) - User Not Found
Thu Jun 17 2021 12:31:33 GMT+0530 (India Standard Time) - User Not Found
Thu Jun 17 2021 13:21:17 GMT+0530 (India Standard Time) - User Not Found
Thu Jun 17 2021 13:22:43 GMT+0530 (India Standard Time) - User Not Found
Thu Jun 17 2021 13:22:59 GMT+0530 (India Standard Time) - User Not Found
Thu Jun 17 2021 13:26:03 GMT+0530 (India Standard Time) - User Not Found
Sat Jun 19 2021 11:13:41 GMT+0530 (India Standard Time) - User Not Found
Sat Jun 19 2021 11:13:44 GMT+0530 (India Standard Time) - User Not Found
Sat Jun 19 2021 11:14:04 GMT+0530 (India Standard Time) - User Not Found
Sat Jun 19 2021 11:14:06 GMT+0530 (India Standard Time) - User Not Found
Sat Jun 19 2021 11:14:10 GMT+0530 (India Standard Time) - User Not Found
Sat Jun 19 2021 11:14:13 GMT+0530 (India Standard Time) - User Not Found
Sat Jun 19 2021 11:14:14 GMT+0530 (India Standard Time) - User Not Found
Sat Jun 19 2021 11:14:25 GMT+0530 (India Standard Time) - User Not Found
Sat Jun 19 2021 11:14:59 GMT+0530 (India Standard Time) - User Not Found
Sat Jun 19 2021 11:54:32 GMT+0530 (India Standard Time) - User Not Found
Sat Jun 19 2021 11:55:05 GMT+0530 (India Standard Time) - User Not Found
Sat Jun 19 2021 11:58:20 GMT+0530 (India Standard Time) - User Not Found
Sat Jun 19 2021 12:18:56 GMT+0530 (India Standard Time) - User Not Found
Sat Jun 19 2021 19:35:02 GMT+0530 (India Standard Time) - User Not Found
Sun Jun 20 2021 20:10:39 GMT+0530 (India Standard Time) - User Not Found
Sun Jun 20 2021 20:45:31 GMT+0530 (India Standard Time) - User Not Found
Sun Jun 20 2021 20:45:35 GMT+0530 (India Standard Time) - User Not Found
Sun Jun 20 2021 21:02:18 GMT+0530 (India Standard Time) - User Not Found
Sun Jun 20 2021 21:03:45 GMT+0530 (India Standard Time) - User Not Found
Sun Jun 20 2021 21:03:47 GMT+0530 (India Standard Time) - User Not Found
Sun Jun 20 2021 21:03:53 GMT+0530 (India Standard Time) - User Not Found
Sun Jun 20 2021 21:03:54 GMT+0530 (India Standard Time) - User Not Found
Sun Jun 20 2021 21:03:55 GMT+0530 (India Standard Time) - User Not Found
Sun Jun 20 2021 21:03:56 GMT+0530 (India Standard Time) - User Not Found
Sun Jun 20 2021 21:03:58 GMT+0530 (India Standard Time) - User Not Found
Sun Jun 20 2021 21:04:01 GMT+0530 (India Standard Time) - User Not Found
Sun Jun 20 2021 21:04:02 GMT+0530 (India Standard Time) - User Not Found
Sun Jun 20 2021 21:05:46 GMT+0530 (India Standard Time) - User Not Found
Sun Jun 20 2021 21:08:21 GMT+0530 (India Standard Time) - User Not Found
Sun Jun 20 2021 21:08:33 GMT+0530 (India Standard Time) - User Not Found
Sun Jun 20 2021 21:08:45 GMT+0530 (India Standard Time) - User Not Found
Sun Jun 20 2021 21:08:49 GMT+0530 (India Standard Time) - User Not Found
Sun Jun 20 2021 21:08:51 GMT+0530 (India Standard Time) - User Not Found
Wed Jun 23 2021 13:30:56 GMT+0530 (India Standard Time) - User Not Found
Wed Jun 23 2021 13:30:59 GMT+0530 (India Standard Time) - User Not Found
Wed Jun 23 2021 13:31:02 GMT+0530 (India Standard Time) - User Not Found
Wed Jun 23 2021 13:31:06 GMT+0530 (India Standard Time) - User Not Found
Wed Jun 23 2021 13:31:22 GMT+0530 (India Standard Time) - User Not Found
Wed Jun 23 2021 13:34:02 GMT+0530 (India Standard Time) - User Not Found
Wed Jun 23 2021 13:34:09 GMT+0530 (India Standard Time) - User Not Found
Wed Jun 23 2021 13:36:41 GMT+0530 (India Standard Time) - User Not Found
Sat Jun 26 2021 14:51:38 GMT+0530 (India Standard Time) - User Not Found
Sat Jun 26 2021 16:18:09 GMT+0530 (India Standard Time) - E11000 duplicate key error collection: bookBufferDb.user index: userName_1 dup key: { userName: "Hs44" }
Sat Jun 26 2021 16:19:31 GMT+0530 (India Standard Time) - E11000 duplicate key error collection: bookBufferDb.user index: userName_1 dup key: { userName: "Hs44" }
Sat Jun 26 2021 16:22:29 GMT+0530 (India Standard Time) - User Not Found
Sat Jun 26 2021 16:23:19 GMT+0530 (India Standard Time) - User Not Found
Sat Jun 26 2021 16:23:46 GMT+0530 (India Standard Time) - User Not Found
Sat Jun 26 2021 16:23:53 GMT+0530 (India Standard Time) - User Not Found
Sat Jun 26 2021 16:59:57 GMT+0530 (India Standard Time) - User Not Found
Sat Jun 26 2021 17:00:37 GMT+0530 (India Standard Time) - User Not Found
Sat Jun 26 2021 17:32:07 GMT+0530 (India Standard Time) - User Not Found
Sat Jun 26 2021 17:32:08 GMT+0530 (India Standard Time) - User Not Found
Sat Jun 26 2021 17:32:29 GMT+0530 (India Standard Time) - User Not Found
Sat Jun 26 2021 17:32:39 GMT+0530 (India Standard Time) - User Not Found
Sat Jun 26 2021 17:32:41 GMT+0530 (India Standard Time) - User Not Found
Sat Jun 26 2021 17:33:43 GMT+0530 (India Standard Time) - User Not Found
Sat Jun 26 2021 17:33:45 GMT+0530 (India Standard Time) - User Not Found
Sat Jun 26 2021 17:33:47 GMT+0530 (India Standard Time) - User Not Found
Sat Jun 26 2021 17:33:48 GMT+0530 (India Standard Time) - User Not Found
Sat Jun 26 2021 22:34:27 GMT+0530 (India Standard Time) - User Not Found
Sat Jun 26 2021 22:34:36 GMT+0530 (India Standard Time) - User Not Found
Sat Jun 26 2021 22:34:51 GMT+0530 (India Standard Time) - User Not Found
Sun Jun 27 2021 16:38:28 GMT+0530 (India Standard Time) - User Not Found
Sun Jun 27 2021 16:42:22 GMT+0530 (India Standard Time) - 14240:error:1408F10B:SSL routines:ssl3_get_record:wrong version number:c:\ws\deps\openssl\openssl\ssl\record\ssl3_record.c:332:

Sun Jun 27 2021 16:42:45 GMT+0530 (India Standard Time) - 14240:error:1408F10B:SSL routines:ssl3_get_record:wrong version number:c:\ws\deps\openssl\openssl\ssl\record\ssl3_record.c:332:

Sun Jun 27 2021 16:44:15 GMT+0530 (India Standard Time) - Unexpected token u in JSON at position 1
Sun Jun 27 2021 16:44:43 GMT+0530 (India Standard Time) - Unexpected token u in JSON at position 6
Sun Jun 27 2021 16:44:50 GMT+0530 (India Standard Time) - Unexpected token u in JSON at position 6
Sun Jun 27 2021 16:46:30 GMT+0530 (India Standard Time) - 14240:error:1408F10B:SSL routines:ssl3_get_record:wrong version number:c:\ws\deps\openssl\openssl\ssl\record\ssl3_record.c:332:

Sun Jun 27 2021 16:47:13 GMT+0530 (India Standard Time) - 11604:error:1408F10B:SSL routines:ssl3_get_record:wrong version number:c:\ws\deps\openssl\openssl\ssl\record\ssl3_record.c:332:

Sun Jun 27 2021 16:47:50 GMT+0530 (India Standard Time) - 1364:error:1408F10B:SSL routines:ssl3_get_record:wrong version number:c:\ws\deps\openssl\openssl\ssl\record\ssl3_record.c:332:

Sun Jun 27 2021 16:48:23 GMT+0530 (India Standard Time) - 19012:error:1408F10B:SSL routines:ssl3_get_record:wrong version number:c:\ws\deps\openssl\openssl\ssl\record\ssl3_record.c:332:

Sun Jun 27 2021 17:03:15 GMT+0530 (India Standard Time) - info is not defined
Sun Jun 27 2021 17:05:51 GMT+0530 (India Standard Time) - Unexpected token } in JSON at position 79
Sun Jun 27 2021 17:05:59 GMT+0530 (India Standard Time) - Unexpected token } in JSON at position 81
Sun Jun 27 2021 17:45:08 GMT+0530 (India Standard Time) - Cannot read property 'path' of undefined
Sun Jun 27 2021 18:12:59 GMT+0530 (India Standard Time) - Cannot read property 'path' of undefined
Mon Jun 28 2021 14:02:35 GMT+0530 (India Standard Time) - Cannot read property 'path' of undefined
